Not searching for unused variables given on the command line.
[36m--[0m The C compiler identification is GNU 9.4.0
[36m--[0m The CXX compiler identification is GNU 9.4.0
[36m--[0m Check for working C compiler: /usr/bin/cc
[36m--[0m Check for working C compiler: /usr/bin/cc -- works
[36m--[0m Detecting C compiler ABI info
[36m--[0m Detecting C compiler ABI info - done
[36m--[0m Detecting C compile features
[36m--[0m Detecting C compile features - done
[36m--[0m Check for working CXX compiler: /usr/bin/c++
[36m--[0m Check for working CXX compiler: /usr/bin/c++ -- works
[36m--[0m Detecting CXX compiler ABI info
[36m--[0m Detecting CXX compiler ABI info - done
[36m--[0m Detecting CXX compile features
[36m--[0m Detecting CXX compile features - done
[36m--[0m Using CATKIN_DEVEL_PREFIX: /home/bupo/my_study/multi_sensors/LiLi-OM/lili_om/devel/.private/lili_om_rot
[36m--[0m Using CMAKE_PREFIX_PATH: /home/bupo/my_study/multi_sensors/LiLi-OM/lili_om/devel;/home/bupo/my_study/multi_sensors/LiLi-OM/ws_livox/devel;/opt/ros/melodic
[36m--[0m This workspace overlays: /home/bupo/my_study/multi_sensors/LiLi-OM/lili_om/devel;/home/bupo/my_study/multi_sensors/LiLi-OM/ws_livox/devel;/opt/ros/melodic
[36m--[0m Found PythonInterp: /usr/bin/python2 (found suitable version "2.7.17", minimum required is "2")
[36m--[0m Using PYTHON_EXECUTABLE: /usr/bin/python2
[36m--[0m Using Debian Python package layout
[36m--[0m Using empy: /usr/bin/empy
[36m--[0m Using CATKIN_ENABLE_TESTING: ON
[36m--[0m Call enable_testing()
[36m--[0m Using CATKIN_TEST_RESULTS_DIR: /home/bupo/my_study/multi_sensors/LiLi-OM/lili_om/build/lili_om_rot/test_results
[36m--[0m Forcing gtest/gmock from source, though one was otherwise available.
[36m--[0m Found gtest sources under '/usr/src/googletest': gtests will be built
[36m--[0m Found gmock sources under '/usr/src/googletest': gmock will be built
[36m--[0m Found PythonInterp: /usr/bin/python2 (found version "2.7.17")
[36m--[0m Found Threads: TRUE
[36m--[0m Using Python nosetests: /usr/bin/nosetests-2.7
[36m--[0m catkin 0.7.29
[36m--[0m BUILD_SHARED_LIBS is on
[36m--[0m Using these message generators: gencpp;geneus;genlisp;gennodejs;genpy
[36m--[0m Found required Ceres dependency: Eigen version 3.3.4 in /usr/include/eigen3
[36m--[0m Found required Ceres dependency: glog
[36m--[0m Found required Ceres dependency: gflags
[36m--[0m Found Ceres version: 2.0.0 installed in: /usr/local with components: [EigenSparse, SparseLinearAlgebraLibrary, LAPACK, SuiteSparse, CXSparse, SchurSpecializations, Multithreading]
[36m--[0m Boost version: 1.65.1
[36m--[0m Found the following Boost libraries:
[36m--[0m   serialization
[36m--[0m   system
[36m--[0m   filesystem
[36m--[0m   thread
[36m--[0m   program_options
[36m--[0m   date_time
[36m--[0m   timer
[36m--[0m   chrono
[36m--[0m   regex
[36m--[0m   atomic
[36m--[0m GTSAM include directory:  /usr/local/lib/cmake/GTSAM/../../../include
[36m--[0m Using catkin version 0.7.29
[36m--[0m Using Ceres version 2.0.0
[36m--[0m Configuring done
[36m--[0m Generating done
[36m--[0m Build files have been written to: /home/bupo/my_study/multi_sensors/LiLi-OM/lili_om/build/lili_om_rot
